Begining gapseq find-transport
Mon Mar  3 04:23:45 PM EST 2025
Nucleotide fasta detected.
NAD 1.A.115.1.2 1.Channels and pores
sodium 1.A.30.2.1 1.Channels and pores
sodium 1.A.30.2.2 1.Channels and pores
ammonia arsenate glycerol hydrogen peroxide urea 1.A.8.10.3 1.Channels and pores
ammonia glycerol hydrogen peroxide urea 1.A.8.8.1 1.Channels and pores
citrate ferrichrome iron nickel potassium 1.B.14.1.2 1.Channels and pores
chloride 1.B.17.3.10 1.Channels and pores
lactate 2.A.106.1.8 2.Electrochemical potential-driven transporters
lactate 2.A.106.1.8 2.Electrochemical potential-driven transporters
iron lead 2.A.108.2.1 2.Electrochemical potential-driven transporters
iron lead 2.A.108.2.1 2.Electrochemical potential-driven transporters
formate FORMATE OXALATE 2.A.1.11.1 2.Electrochemical potential-driven transporters
formate FORMATE OXALATE 2.A.1.11.1 2.Electrochemical potential-driven transporters
formate FORMATE OXALATE 2.A.1.11.1 2.Electrochemical potential-driven transporters
riboflavin 2.A.1.13.4 2.Electrochemical potential-driven transporters
D-glucarate 2.A.1.14.40 2.Electrochemical potential-driven transporters
galacturonate glucuronate 2.A.1.14.41 2.Electrochemical potential-driven transporters
galacturonate glucuronate 2.A.1.14.41 2.Electrochemical potential-driven transporters
benzoate 2.A.1.15.16 2.Electrochemical potential-driven transporters
adenosine guanosine inosine phosphate 2.A.1.2.25 2.Electrochemical potential-driven transporters
adenosine guanosine inosine phosphate 2.A.1.2.25 2.Electrochemical potential-driven transporters
adenosine guanosine inosine phosphate 2.A.1.2.25 2.Electrochemical potential-driven transporters
adenosine guanosine inosine phosphate 2.A.1.2.25 2.Electrochemical potential-driven transporters
arabinose potassium 2.A.1.2.3 2.Electrochemical potential-driven transporters
arabinose potassium 2.A.1.2.3 2.Electrochemical potential-driven transporters
arabinose potassium 2.A.1.2.3 2.Electrochemical potential-driven transporters
adenosine arabinose guanosine inosine 2.A.1.2.62 2.Electrochemical potential-driven transporters
adenosine arabinose guanosine inosine 2.A.1.2.62 2.Electrochemical potential-driven transporters
adenosine arabinose guanosine inosine 2.A.1.2.62 2.Electrochemical potential-driven transporters
adenosine arabinose guanosine inosine 2.A.1.2.62 2.Electrochemical potential-driven transporters
adenosine arabinose guanosine inosine 2.A.1.2.62 2.Electrochemical potential-driven transporters
chloride copper L-cysteine phenylacetate 2.A.1.2.7 2.Electrochemical potential-driven transporters
chloride copper L-cysteine phenylacetate 2.A.1.2.7 2.Electrochemical potential-driven transporters
chloride copper L-cysteine phenylacetate 2.A.1.2.7 2.Electrochemical potential-driven transporters
chloride copper L-cysteine phenylacetate 2.A.1.2.7 2.Electrochemical potential-driven transporters
chloride sodium sulfate zinc 2.A.1.2.9 2.Electrochemical potential-driven transporters
chloride sodium sulfate zinc 2.A.1.2.9 2.Electrochemical potential-driven transporters
chloride sodium sulfate zinc 2.A.1.2.9 2.Electrochemical potential-driven transporters
chloride sodium sulfate zinc 2.A.1.2.9 2.Electrochemical potential-driven transporters
Chenodeoxycholate Cholate Deoxycholate Lithocholate 2.A.1.3.13 2.Electrochemical potential-driven transporters
Chenodeoxycholate Cholate Deoxycholate Lithocholate 2.A.1.3.13 2.Electrochemical potential-driven transporters
Chenodeoxycholate Cholate Deoxycholate Lithocholate 2.A.1.3.13 2.Electrochemical potential-driven transporters
Chenodeoxycholate Cholate Deoxycholate Lithocholate 2.A.1.3.13 2.Electrochemical potential-driven transporters
arabinose arginine deoxycholate histidine lysine 2.A.1.3.2 2.Electrochemical potential-driven transporters
arabinose arginine deoxycholate histidine lysine 2.A.1.3.2 2.Electrochemical potential-driven transporters
arabinose arginine deoxycholate histidine lysine 2.A.1.3.2 2.Electrochemical potential-driven transporters
arabinose arginine deoxycholate histidine lysine 2.A.1.3.2 2.Electrochemical potential-driven transporters
arabinose arginine deoxycholate histidine lysine 2.A.1.3.2 2.Electrochemical potential-driven transporters
arabinose arginine deoxycholate histidine lysine 2.A.1.3.2 2.Electrochemical potential-driven transporters
deoxycholate 2.A.1.3.24 2.Electrochemical potential-driven transporters
arabinose deoxycholate 2.A.1.3.26 2.Electrochemical potential-driven transporters
arabinose deoxycholate 2.A.1.3.26 2.Electrochemical potential-driven transporters
arabinose deoxycholate 2.A.1.3.26 2.Electrochemical potential-driven transporters
cysteine 2.A.1.3.36 2.Electrochemical potential-driven transporters
sodium sulfate 2.A.1.3.39 2.Electrochemical potential-driven transporters
sodium sulfate 2.A.1.3.39 2.Electrochemical potential-driven transporters
chloride 2.A.1.3.50 2.Electrochemical potential-driven transporters
chloride 2.A.1.3.60 2.Electrochemical potential-driven transporters
riboflavin 2.A.1.3.72 2.Electrochemical potential-driven transporters
uracil xanthine 2.A.1.40.7 2.Electrochemical potential-driven transporters
uracil xanthine 2.A.1.40.7 2.Electrochemical potential-driven transporters
phosphate 2.A.1.4.6 2.Electrochemical potential-driven transporters
phosphate 2.A.1.49.2 2.Electrochemical potential-driven transporters
phosphate 2.A.1.49.3 2.Electrochemical potential-driven transporters
phosphate 2.A.1.49.4 2.Electrochemical potential-driven transporters
phosphate 2.A.1.49.5 2.Electrochemical potential-driven transporters
phosphate 2.A.1.49.7 2.Electrochemical potential-driven transporters
phosphate 2.A.1.49.8 2.Electrochemical potential-driven transporters
L-threonine 2.A.1.53.1 2.Electrochemical potential-driven transporters
valine 2.A.1.53.2 2.Electrochemical potential-driven transporters
acetate citrate glycolate lactate pyruvate 2.A.1.6.1 2.Electrochemical potential-driven transporters
acetate citrate glycolate lactate pyruvate 2.A.1.6.1 2.Electrochemical potential-driven transporters
acetate citrate glycolate lactate pyruvate 2.A.1.6.1 2.Electrochemical potential-driven transporters
acetate citrate glycolate lactate pyruvate 2.A.1.6.1 2.Electrochemical potential-driven transporters
acetate citrate glycolate lactate pyruvate 2.A.1.6.1 2.Electrochemical potential-driven transporters
acetate citrate glycolate lactate pyruvate 2.A.1.6.1 2.Electrochemical potential-driven transporters
acetate 2.A.1.6.13 2.Electrochemical potential-driven transporters
2-oxoglutarate arabinose 2.A.1.6.2 2.Electrochemical potential-driven transporters
2-oxoglutarate arabinose 2.A.1.6.2 2.Electrochemical potential-driven transporters
2-oxoglutarate arabinose 2.A.1.6.2 2.Electrochemical potential-driven transporters
betaine glycine L-proline proline sodium taurine 2.A.1.6.4 2.Electrochemical potential-driven transporters
betaine glycine L-proline proline sodium taurine 2.A.1.6.4 2.Electrochemical potential-driven transporters
betaine glycine L-proline proline sodium taurine 2.A.1.6.4 2.Electrochemical potential-driven transporters
betaine glycine L-proline proline sodium taurine 2.A.1.6.4 2.Electrochemical potential-driven transporters
betaine glycine L-proline proline sodium taurine 2.A.1.6.4 2.Electrochemical potential-driven transporters
betaine glycine L-proline proline sodium taurine 2.A.1.6.4 2.Electrochemical potential-driven transporters
citrate 2.A.1.6.7 2.Electrochemical potential-driven transporters
potassium 2.A.1.6.9 2.Electrochemical potential-driven transporters
arsenite 2.A.1.70.9 2.Electrochemical potential-driven transporters
copper 2.A.1.81.1 2.Electrochemical potential-driven transporters
copper 2.A.1.81.2 2.Electrochemical potential-driven transporters
riboflavin 2.A.1.81.5 2.Electrochemical potential-driven transporters
glucose sodium 2.A.21.3.10 2.Electrochemical potential-driven transporters
glucose sodium 2.A.21.3.10 2.Electrochemical potential-driven transporters
inositol sodium 2.A.21.3.14 2.Electrochemical potential-driven transporters
inositol sodium 2.A.21.3.14 2.Electrochemical potential-driven transporters
glucose sodium 2.A.21.3.15 2.Electrochemical potential-driven transporters
glucose sodium 2.A.21.3.15 2.Electrochemical potential-driven transporters
arabinose 2.A.21.3.19 2.Electrochemical potential-driven transporters
arabinose 2.A.21.3.19 2.Electrochemical potential-driven transporters
acetate 2.A.21.7.5 2.Electrochemical potential-driven transporters
sodium 2.A.22.5.3 2.Electrochemical potential-driven transporters
Sodium 2.A.22.5.5 2.Electrochemical potential-driven transporters
potassium 2.A.37.1.2 2.Electrochemical potential-driven transporters
potassium 2.A.37.1.9 2.Electrochemical potential-driven transporters
sodium 2.A.37.2.1 2.Electrochemical potential-driven transporters
potassium sodium 2.A.37.2.2 2.Electrochemical potential-driven transporters
potassium sodium 2.A.37.2.2 2.Electrochemical potential-driven transporters
sodium 2.A.37.2.7 2.Electrochemical potential-driven transporters
potassium 2.A.37.5.1 2.Electrochemical potential-driven transporters
alanine arginine glutamine histidine leucine lysine phenylalanine tryptophan 2.A.3.8.3 2.Electrochemical potential-driven transporters
alanine arginine glutamine histidine leucine lysine phenylalanine tryptophan 2.A.3.8.3 2.Electrochemical potential-driven transporters
alanine arginine glutamine histidine leucine lysine phenylalanine tryptophan 2.A.3.8.3 2.Electrochemical potential-driven transporters
alanine arginine glutamine histidine leucine lysine phenylalanine tryptophan 2.A.3.8.3 2.Electrochemical potential-driven transporters
alanine arginine glutamine histidine leucine lysine phenylalanine tryptophan 2.A.3.8.3 2.Electrochemical potential-driven transporters
alanine arginine glutamine histidine leucine lysine phenylalanine tryptophan 2.A.3.8.3 2.Electrochemical potential-driven transporters
alanine arginine glutamine histidine leucine lysine phenylalanine tryptophan 2.A.3.8.3 2.Electrochemical potential-driven transporters
alanine arginine glutamine histidine leucine lysine phenylalanine tryptophan 2.A.3.8.3 2.Electrochemical potential-driven transporters
glutamate 2.A.3.8.5 2.Electrochemical potential-driven transporters
sodium 2.A.3.8.7 2.Electrochemical potential-driven transporters
cadmium cobalt copper nickel zinc 2.A.4.1.1 2.Electrochemical potential-driven transporters
cadmium cobalt copper nickel zinc 2.A.4.1.1 2.Electrochemical potential-driven transporters
cadmium cobalt copper nickel zinc 2.A.4.1.1 2.Electrochemical potential-driven transporters
cadmium cobalt copper nickel zinc 2.A.4.1.1 2.Electrochemical potential-driven transporters
cadmium cobalt copper nickel zinc 2.A.4.1.1 2.Electrochemical potential-driven transporters
cobalt zinc 2.A.4.1.2 2.Electrochemical potential-driven transporters
cobalt zinc 2.A.4.1.2 2.Electrochemical potential-driven transporters
cadmium potassium zinc 2.A.4.1.3 2.Electrochemical potential-driven transporters
cadmium potassium zinc 2.A.4.1.3 2.Electrochemical potential-driven transporters
cadmium potassium zinc 2.A.4.1.3 2.Electrochemical potential-driven transporters
cadmium zinc 2.A.4.1.4 2.Electrochemical potential-driven transporters
cadmium zinc 2.A.4.1.4 2.Electrochemical potential-driven transporters
zinc 2.A.4.1.5 2.Electrochemical potential-driven transporters
zinc 2.A.4.1.7 2.Electrochemical potential-driven transporters
cadmium cobalt zinc 2.A.4.3.1 2.Electrochemical potential-driven transporters
cadmium cobalt zinc 2.A.4.3.1 2.Electrochemical potential-driven transporters
cadmium cobalt zinc 2.A.4.3.1 2.Electrochemical potential-driven transporters
zinc 2.A.4.3.2 2.Electrochemical potential-driven transporters
Zinc 2.A.4.3.5 2.Electrochemical potential-driven transporters
cadmium zinc 2.A.4.3.8 2.Electrochemical potential-driven transporters
cadmium zinc 2.A.4.3.8 2.Electrochemical potential-driven transporters
benzoate 2.A.46.1.1 2.Electrochemical potential-driven transporters
benzoate 2.A.46.1.10 2.Electrochemical potential-driven transporters
benzoate 2.A.46.1.2 2.Electrochemical potential-driven transporters
benzoate 2.A.46.1.4 2.Electrochemical potential-driven transporters
benzoate 2.A.46.1.5 2.Electrochemical potential-driven transporters
benzoate 2.A.46.1.7 2.Electrochemical potential-driven transporters
benzoate 2.A.46.1.9 2.Electrochemical potential-driven transporters
cadmium cobalt iron mercury zinc 2.A.4.7.1 2.Electrochemical potential-driven transporters
cadmium cobalt iron mercury zinc 2.A.4.7.1 2.Electrochemical potential-driven transporters
cadmium cobalt iron mercury zinc 2.A.4.7.1 2.Electrochemical potential-driven transporters
cadmium cobalt iron mercury zinc 2.A.4.7.1 2.Electrochemical potential-driven transporters
cadmium cobalt iron mercury zinc 2.A.4.7.1 2.Electrochemical potential-driven transporters
cadmium cobalt iron mercury zinc 2.A.4.7.1 2.Electrochemical potential-driven transporters
cobalt zinc 2.A.4.7.10 2.Electrochemical potential-driven transporters
cobalt zinc 2.A.4.7.10 2.Electrochemical potential-driven transporters
iron 2.A.4.7.3 2.Electrochemical potential-driven transporters
iron 2.A.4.7.3 2.Electrochemical potential-driven transporters
citrate succinate 2.A.47.3.2 2.Electrochemical potential-driven transporters
citrate succinate 2.A.47.3.2 2.Electrochemical potential-driven transporters
iron 2.A.4.7.4 2.Electrochemical potential-driven transporters
iron 2.A.4.7.4 2.Electrochemical potential-driven transporters
cadmium zinc 2.A.4.7.5 2.Electrochemical potential-driven transporters
cadmium zinc 2.A.4.7.5 2.Electrochemical potential-driven transporters
manganese 2.A.4.7.7 2.Electrochemical potential-driven transporters
Chloride 2.A.49.9.1 2.Electrochemical potential-driven transporters
Chloride 2.A.49.9.2 2.Electrochemical potential-driven transporters
chloride 2.A.49.9.4 2.Electrochemical potential-driven transporters
chloride 2.A.49.9.5 2.Electrochemical potential-driven transporters
chromate 2.A.51.1.1 2.Electrochemical potential-driven transporters
chromate 2.A.51.1.2 2.Electrochemical potential-driven transporters
chromate 2.A.51.1.3 2.Electrochemical potential-driven transporters
chromate 2.A.51.1.6 2.Electrochemical potential-driven transporters
chromate 2.A.51.1.7 2.Electrochemical potential-driven transporters
cadmium iron 2.A.55.2.14 2.Electrochemical potential-driven transporters
cadmium iron 2.A.55.2.14 2.Electrochemical potential-driven transporters
cadmium iron 2.A.55.2.14 2.Electrochemical potential-driven transporters
cadmium iron manganese 2.A.55.2.18 2.Electrochemical potential-driven transporters
cadmium iron manganese 2.A.55.2.18 2.Electrochemical potential-driven transporters
cadmium iron manganese 2.A.55.2.18 2.Electrochemical potential-driven transporters
cadmium iron manganese 2.A.55.2.18 2.Electrochemical potential-driven transporters
cobalt iron manganese 2.A.55.2.4 2.Electrochemical potential-driven transporters
cobalt iron manganese 2.A.55.2.4 2.Electrochemical potential-driven transporters
cobalt iron manganese 2.A.55.2.4 2.Electrochemical potential-driven transporters
cobalt iron manganese 2.A.55.2.4 2.Electrochemical potential-driven transporters
cadmium cobalt iron manganese nickel zinc 2.A.55.3.1 2.Electrochemical potential-driven transporters
cadmium cobalt iron manganese nickel zinc 2.A.55.3.1 2.Electrochemical potential-driven transporters
cadmium cobalt iron manganese nickel zinc 2.A.55.3.1 2.Electrochemical potential-driven transporters
cadmium cobalt iron manganese nickel zinc 2.A.55.3.1 2.Electrochemical potential-driven transporters
cadmium cobalt iron manganese nickel zinc 2.A.55.3.1 2.Electrochemical potential-driven transporters
cadmium cobalt iron manganese nickel zinc 2.A.55.3.1 2.Electrochemical potential-driven transporters
cadmium cobalt iron manganese nickel zinc 2.A.55.3.1 2.Electrochemical potential-driven transporters
fumarate itaconate malate succinate 2.A.56.1.1 2.Electrochemical potential-driven transporters
fumarate itaconate malate succinate 2.A.56.1.1 2.Electrochemical potential-driven transporters
fumarate itaconate malate succinate 2.A.56.1.1 2.Electrochemical potential-driven transporters
fumarate itaconate malate succinate 2.A.56.1.1 2.Electrochemical potential-driven transporters
dctP 2.A.56.1.10 2.Electrochemical potential-driven transporters
sodium 2.A.56.1.3 2.Electrochemical potential-driven transporters
taurine 2.A.56.1.4 2.Electrochemical potential-driven transporters
sodium 2.A.56.1.6 2.Electrochemical potential-driven transporters
D-galactonate gluconate 2.A.56.1.9 2.Electrochemical potential-driven transporters
D-galactonate gluconate 2.A.56.1.9 2.Electrochemical potential-driven transporters
glutamate sodium 2.A.56.3.1 2.Electrochemical potential-driven transporters
glutamate sodium 2.A.56.3.1 2.Electrochemical potential-driven transporters
4-hydroxybenzoate benzoate 2.A.56.3.2 2.Electrochemical potential-driven transporters
4-hydroxybenzoate benzoate 2.A.56.3.2 2.Electrochemical potential-driven transporters
pyruvate 2.A.56.3.3 2.Electrochemical potential-driven transporters
pyruvate 2.A.56.3.4 2.Electrochemical potential-driven transporters
phosphate 2.A.58.2.1 2.Electrochemical potential-driven transporters
phosphate sodium 2.A.58.2.2 2.Electrochemical potential-driven transporters
phosphate sodium 2.A.58.2.2 2.Electrochemical potential-driven transporters
phosphate sodium 2.A.58.2.6 2.Electrochemical potential-driven transporters
phosphate sodium 2.A.58.2.6 2.Electrochemical potential-driven transporters
cadmium cobalt copper nickel zinc 2.A.6.1.1 2.Electrochemical potential-driven transporters
cadmium cobalt copper nickel zinc 2.A.6.1.1 2.Electrochemical potential-driven transporters
cadmium cobalt copper nickel zinc 2.A.6.1.1 2.Electrochemical potential-driven transporters
cadmium cobalt copper nickel zinc 2.A.6.1.1 2.Electrochemical potential-driven transporters
cadmium cobalt copper nickel zinc 2.A.6.1.1 2.Electrochemical potential-driven transporters
copper 2.A.6.1.10 2.Electrochemical potential-driven transporters
cadmium cobalt zinc 2.A.6.1.11 2.Electrochemical potential-driven transporters
cadmium cobalt zinc 2.A.6.1.11 2.Electrochemical potential-driven transporters
cadmium cobalt zinc 2.A.6.1.11 2.Electrochemical potential-driven transporters
cadmium cobalt nickel 2.A.6.1.12 2.Electrochemical potential-driven transporters
cadmium cobalt nickel 2.A.6.1.12 2.Electrochemical potential-driven transporters
cadmium cobalt nickel 2.A.6.1.12 2.Electrochemical potential-driven transporters
cadmium zinc 2.A.6.1.13 2.Electrochemical potential-driven transporters
cadmium zinc 2.A.6.1.13 2.Electrochemical potential-driven transporters
cadmium nickel zinc 2.A.6.1.14 2.Electrochemical potential-driven transporters
cadmium nickel zinc 2.A.6.1.14 2.Electrochemical potential-driven transporters
cadmium nickel zinc 2.A.6.1.14 2.Electrochemical potential-driven transporters
cadmium cobalt zinc 2.A.6.1.15 2.Electrochemical potential-driven transporters
cadmium cobalt zinc 2.A.6.1.15 2.Electrochemical potential-driven transporters
cadmium cobalt zinc 2.A.6.1.15 2.Electrochemical potential-driven transporters
cadmium cobalt nickel zinc 2.A.6.1.16 2.Electrochemical potential-driven transporters
cadmium cobalt nickel zinc 2.A.6.1.16 2.Electrochemical potential-driven transporters
cadmium cobalt nickel zinc 2.A.6.1.16 2.Electrochemical potential-driven transporters
cadmium cobalt nickel zinc 2.A.6.1.16 2.Electrochemical potential-driven transporters
zinc 2.A.6.1.17 2.Electrochemical potential-driven transporters
cobalt nickel 2.A.6.1.18 2.Electrochemical potential-driven transporters
cobalt nickel 2.A.6.1.18 2.Electrochemical potential-driven transporters
cadmium cobalt zinc 2.A.6.1.2 2.Electrochemical potential-driven transporters
cadmium cobalt zinc 2.A.6.1.2 2.Electrochemical potential-driven transporters
cadmium cobalt zinc 2.A.6.1.2 2.Electrochemical potential-driven transporters
copper 2.A.6.1.4 2.Electrochemical potential-driven transporters
cadmium lead zinc 2.A.6.1.5 2.Electrochemical potential-driven transporters
cadmium lead zinc 2.A.6.1.5 2.Electrochemical potential-driven transporters
zinc 2.A.6.1.6 2.Electrochemical potential-driven transporters
zinc 2.A.6.1.7 2.Electrochemical potential-driven transporters
copper 2.A.6.1.8 2.Electrochemical potential-driven transporters
chloride copper deoxycholate sodium sulfate thiamine zinc 2.A.6.2.1 2.Electrochemical potential-driven transporters
chloride copper deoxycholate sodium sulfate thiamine zinc 2.A.6.2.1 2.Electrochemical potential-driven transporters
chloride copper deoxycholate sodium sulfate thiamine zinc 2.A.6.2.1 2.Electrochemical potential-driven transporters
chloride copper deoxycholate sodium sulfate thiamine zinc 2.A.6.2.1 2.Electrochemical potential-driven transporters
chloride copper deoxycholate sodium sulfate thiamine zinc 2.A.6.2.1 2.Electrochemical potential-driven transporters
chloride copper deoxycholate sodium sulfate thiamine zinc 2.A.6.2.1 2.Electrochemical potential-driven transporters
chloride copper deoxycholate sodium sulfate thiamine zinc 2.A.6.2.1 2.Electrochemical potential-driven transporters
chloride copper deoxycholate sodium sulfate zinc 2.A.6.2.12 2.Electrochemical potential-driven transporters
chloride copper deoxycholate sodium sulfate zinc 2.A.6.2.12 2.Electrochemical potential-driven transporters
chloride copper deoxycholate sodium sulfate zinc 2.A.6.2.12 2.Electrochemical potential-driven transporters
chloride copper deoxycholate sodium sulfate zinc 2.A.6.2.12 2.Electrochemical potential-driven transporters
chloride copper deoxycholate sodium sulfate zinc 2.A.6.2.12 2.Electrochemical potential-driven transporters
chloride copper deoxycholate sodium sulfate zinc 2.A.6.2.12 2.Electrochemical potential-driven transporters
chloride deoxycholate sodium sulfate thiamine 2.A.6.2.13 2.Electrochemical potential-driven transporters
chloride deoxycholate sodium sulfate thiamine 2.A.6.2.13 2.Electrochemical potential-driven transporters
chloride deoxycholate sodium sulfate thiamine 2.A.6.2.13 2.Electrochemical potential-driven transporters
chloride deoxycholate sodium sulfate thiamine 2.A.6.2.13 2.Electrochemical potential-driven transporters
chloride deoxycholate sodium sulfate thiamine 2.A.6.2.13 2.Electrochemical potential-driven transporters
chloride 2.A.6.2.23 2.Electrochemical potential-driven transporters
sodium sulfate 2.A.6.2.29 2.Electrochemical potential-driven transporters
sodium sulfate 2.A.6.2.29 2.Electrochemical potential-driven transporters
copper deoxycholate L-cysteine sodium sulfate zinc 2.A.6.2.7 2.Electrochemical potential-driven transporters
copper deoxycholate L-cysteine sodium sulfate zinc 2.A.6.2.7 2.Electrochemical potential-driven transporters
copper deoxycholate L-cysteine sodium sulfate zinc 2.A.6.2.7 2.Electrochemical potential-driven transporters
copper deoxycholate L-cysteine sodium sulfate zinc 2.A.6.2.7 2.Electrochemical potential-driven transporters
copper deoxycholate L-cysteine sodium sulfate zinc 2.A.6.2.7 2.Electrochemical potential-driven transporters
copper deoxycholate L-cysteine sodium sulfate zinc 2.A.6.2.7 2.Electrochemical potential-driven transporters
acetate 2.A.6.2.9 2.Electrochemical potential-driven transporters
deoxycholate sodium sulfate 2.A.6.3.10 2.Electrochemical potential-driven transporters
deoxycholate sodium sulfate 2.A.6.3.10 2.Electrochemical potential-driven transporters
deoxycholate sodium sulfate 2.A.6.3.10 2.Electrochemical potential-driven transporters
sodium 2.A.63.1.2 2.Electrochemical potential-driven transporters
sodium sulfate 2.A.6.3.14 2.Electrochemical potential-driven transporters
sodium sulfate 2.A.6.3.14 2.Electrochemical potential-driven transporters
sodium 2.A.63.1.4 2.Electrochemical potential-driven transporters
copper 2.A.6.3.7 2.Electrochemical potential-driven transporters
chloride 2.A.6.3.8 2.Electrochemical potential-driven transporters
trehalose 2.A.6.5.6 2.Electrochemical potential-driven transporters
Folate 2.A.71.2.4 2.Electrochemical potential-driven transporters
asparagine cysteine glutamine S-adenosyl-L-methionine 2.A.7.3.2 2.Electrochemical potential-driven transporters
asparagine cysteine glutamine S-adenosyl-L-methionine 2.A.7.3.2 2.Electrochemical potential-driven transporters
asparagine cysteine glutamine S-adenosyl-L-methionine 2.A.7.3.2 2.Electrochemical potential-driven transporters
asparagine cysteine glutamine S-adenosyl-L-methionine 2.A.7.3.2 2.Electrochemical potential-driven transporters
aspartate glutamate glutamine 2.A.7.3.58 2.Electrochemical potential-driven transporters
aspartate glutamate glutamine 2.A.7.3.58 2.Electrochemical potential-driven transporters
aspartate glutamate glutamine 2.A.7.3.58 2.Electrochemical potential-driven transporters
L-threonine serine 2.A.76.1.1 2.Electrochemical potential-driven transporters
L-threonine serine 2.A.76.1.1 2.Electrochemical potential-driven transporters
L-threonine serine 2.A.76.1.10 2.Electrochemical potential-driven transporters
L-threonine serine 2.A.76.1.10 2.Electrochemical potential-driven transporters
L-serine 2.A.76.1.9 2.Electrochemical potential-driven transporters
acetate 2.A.80.1.2 2.Electrochemical potential-driven transporters
citrate 2.A.80.1.4 2.Electrochemical potential-driven transporters
potassium sodium 2.A.86.3.1 2.Electrochemical potential-driven transporters
potassium sodium 2.A.86.3.1 2.Electrochemical potential-driven transporters
sodium 3.A.10.1.1 3.Primary active transporters
sodium 3.A.10.1.10 3.Primary active transporters
sodium 3.A.10.1.11 3.Primary active transporters
sodium 3.A.10.1.12 3.Primary active transporters
sodium 3.A.10.1.13 3.Primary active transporters
sodium 3.A.10.1.14 3.Primary active transporters
sodium 3.A.10.1.3 3.Primary active transporters
sodium 3.A.10.1.6 3.Primary active transporters
Pyrophosphate 3.A.10.1.8 3.Primary active transporters
PYROPHOSPHATE 3.A.10.2.1 3.Primary active transporters
sodium 3.A.10.2.4 3.Primary active transporters
Pyrophosphate 3.A.10.3.1 3.Primary active transporters
sodium 3.A.10.3.2 3.Primary active transporters
pyrophosphate 3.A.10.3.3 3.Primary active transporters
sodium 3.A.10.3.4 3.Primary active transporters
pyrophosphate 3.A.10.3.5 3.Primary active transporters
iron 3.A.1.10.1 3.Primary active transporters
iron 3.A.1.10.1 3.Primary active transporters
iron 3.A.1.10.2 3.Primary active transporters
iron 3.A.1.10.2 3.Primary active transporters
iron 3.A.1.10.3 3.Primary active transporters
iron 3.A.1.10.3 3.Primary active transporters
iron 3.A.1.10.4 3.Primary active transporters
iron 3.A.1.10.4 3.Primary active transporters
Iron 3.A.1.10.5 3.Primary active transporters
Iron 3.A.1.10.5 3.Primary active transporters
iron 3.A.1.10.6 3.Primary active transporters
iron 3.A.1.10.6 3.Primary active transporters
heme 3.A.1.107.1 3.Primary active transporters
heme 3.A.1.107.4 3.Primary active transporters
arabinose D-glucosamine fructose galactose glucose maltose mannose sucrose trehalose xylose 3.A.1.1.1 3.Primary active transporters
arabinose D-glucosamine fructose galactose glucose maltose mannose sucrose trehalose xylose 3.A.1.1.1 3.Primary active transporters
arabinose D-glucosamine fructose galactose glucose maltose mannose sucrose trehalose xylose 3.A.1.1.1 3.Primary active transporters
arabinose D-glucosamine fructose galactose glucose maltose mannose sucrose trehalose xylose 3.A.1.1.1 3.Primary active transporters
arabinose D-glucosamine fructose galactose glucose maltose mannose sucrose trehalose xylose 3.A.1.1.1 3.Primary active transporters
arabinose D-glucosamine fructose galactose glucose maltose mannose sucrose trehalose xylose 3.A.1.1.1 3.Primary active transporters
arabinose D-glucosamine fructose galactose glucose maltose mannose sucrose trehalose xylose 3.A.1.1.1 3.Primary active transporters
arabinose D-glucosamine fructose galactose glucose maltose mannose sucrose trehalose xylose 3.A.1.1.1 3.Primary active transporters
arabinose D-glucosamine fructose galactose glucose maltose mannose sucrose trehalose xylose 3.A.1.1.1 3.Primary active transporters
putrescine spermidine 3.A.1.11.1 3.Primary active transporters
putrescine spermidine 3.A.1.11.1 3.Primary active transporters
putrescine Spermidine 3.A.1.11.10 3.Primary active transporters
putrescine Spermidine 3.A.1.11.10 3.Primary active transporters
putrescine 3.A.1.11.2 3.Primary active transporters
galactose glucose mannose 3.A.1.1.13 3.Primary active transporters
galactose glucose mannose 3.A.1.1.13 3.Primary active transporters
galactose glucose mannose 3.A.1.1.13 3.Primary active transporters
arabinose fructose xylose 3.A.1.1.14 3.Primary active transporters
arabinose fructose xylose 3.A.1.1.14 3.Primary active transporters
arabinose fructose xylose 3.A.1.1.14 3.Primary active transporters
trehalose 3.A.1.1.15 3.Primary active transporters
sodium 3.A.1.115.1 3.Primary active transporters
sodium 3.A.1.115.2 3.Primary active transporters
Maltodextrin 3.A.1.1.16 3.Primary active transporters
gamma-aminobutyric acid 3.A.1.11.6 3.Primary active transporters
maltose sucrose trehalose 3.A.1.1.17 3.Primary active transporters
maltose sucrose trehalose 3.A.1.1.17 3.Primary active transporters
maltose sucrose trehalose 3.A.1.1.17 3.Primary active transporters
putrescine spermidine 3.A.1.11.7 3.Primary active transporters
putrescine spermidine 3.A.1.11.7 3.Primary active transporters
spermidine 3.A.1.11.8 3.Primary active transporters
putrescine spermidine 3.A.1.11.9 3.Primary active transporters
putrescine spermidine 3.A.1.11.9 3.Primary active transporters
alanine betaine choline glycine L-proline proline 3.A.1.12.1 3.Primary active transporters
alanine betaine choline glycine L-proline proline 3.A.1.12.1 3.Primary active transporters
alanine betaine choline glycine L-proline proline 3.A.1.12.1 3.Primary active transporters
alanine betaine choline glycine L-proline proline 3.A.1.12.1 3.Primary active transporters
alanine betaine choline glycine L-proline proline 3.A.1.12.1 3.Primary active transporters
alanine betaine choline glycine L-proline proline 3.A.1.12.1 3.Primary active transporters
betaine choline glycine L-proline 3.A.1.12.10 3.Primary active transporters
betaine choline glycine L-proline 3.A.1.12.10 3.Primary active transporters
betaine choline glycine L-proline 3.A.1.12.10 3.Primary active transporters
betaine choline glycine L-proline 3.A.1.12.10 3.Primary active transporters
betaine glycine 3.A.1.12.11 3.Primary active transporters
betaine glycine 3.A.1.12.11 3.Primary active transporters
choline 3.A.1.12.13 3.Primary active transporters
betaine glycine 3.A.1.12.14 3.Primary active transporters
betaine glycine 3.A.1.12.14 3.Primary active transporters
betaine choline glycine 3.A.1.12.15 3.Primary active transporters
betaine choline glycine 3.A.1.12.15 3.Primary active transporters
betaine choline glycine 3.A.1.12.15 3.Primary active transporters
maltose maltotetraose trehalose 3.A.1.1.22 3.Primary active transporters
maltose maltotetraose trehalose 3.A.1.1.22 3.Primary active transporters
maltose maltotetraose trehalose 3.A.1.1.22 3.Primary active transporters
L-cysteine 3.A.1.122.1 3.Primary active transporters
choline 3.A.1.12.3 3.Primary active transporters
glucose mannose 3.A.1.1.24 3.Primary active transporters
glucose mannose 3.A.1.1.24 3.Primary active transporters
betaine choline glycine L-proline 3.A.1.12.4 3.Primary active transporters
betaine choline glycine L-proline 3.A.1.12.4 3.Primary active transporters
betaine choline glycine L-proline 3.A.1.12.4 3.Primary active transporters
betaine choline glycine L-proline 3.A.1.12.4 3.Primary active transporters
maltose sucrose trehalose 3.A.1.1.25 3.Primary active transporters
maltose sucrose trehalose 3.A.1.1.25 3.Primary active transporters
maltose sucrose trehalose 3.A.1.1.25 3.Primary active transporters
maltose 3.A.1.1.26 3.Primary active transporters
betaine glycine histidine L-proline proline 3.A.1.12.6 3.Primary active transporters
betaine glycine histidine L-proline proline 3.A.1.12.6 3.Primary active transporters
betaine glycine histidine L-proline proline 3.A.1.12.6 3.Primary active transporters
betaine glycine histidine L-proline proline 3.A.1.12.6 3.Primary active transporters
betaine glycine histidine L-proline proline 3.A.1.12.6 3.Primary active transporters
maltose maltotetraose trehalose 3.A.1.1.27 3.Primary active transporters
maltose maltotetraose trehalose 3.A.1.1.27 3.Primary active transporters
maltose maltotetraose trehalose 3.A.1.1.27 3.Primary active transporters
choline 3.A.1.12.7 3.Primary active transporters
raffinose stachyose 3.A.1.1.28 3.Primary active transporters
raffinose stachyose 3.A.1.1.28 3.Primary active transporters
betaine glycine proline 3.A.1.12.8 3.Primary active transporters
betaine glycine proline 3.A.1.12.8 3.Primary active transporters
betaine glycine proline 3.A.1.12.8 3.Primary active transporters
cysteine 3.A.1.129.1 3.Primary active transporters
D-glucosamine glucose glycerol inositol phosphate trehalose 3.A.1.1.3 3.Primary active transporters
D-glucosamine glucose glycerol inositol phosphate trehalose 3.A.1.1.3 3.Primary active transporters
D-glucosamine glucose glycerol inositol phosphate trehalose 3.A.1.1.3 3.Primary active transporters
D-glucosamine glucose glycerol inositol phosphate trehalose 3.A.1.1.3 3.Primary active transporters
glucose 3.A.1.1.30 3.Primary active transporters
trehalose 3.A.1.1.31 3.Primary active transporters
cyanocob(III)alamin 3.A.1.13.1 3.Primary active transporters
glycerol 3.A.1.1.32 3.Primary active transporters
Sulfate 3.A.1.132.14 3.Primary active transporters
copper 3.A.1.132.2 3.Primary active transporters
arabinose L-arabinose 3.A.1.1.34 3.Primary active transporters
arabinose L-arabinose 3.A.1.1.34 3.Primary active transporters
arabinose L-arabinose 3.A.1.1.34 3.Primary active transporters
glycerol 3.A.1.1.35 3.Primary active transporters
chloride 3.A.1.135.7 3.Primary active transporters
inositol phosphate 3.A.1.1.38 3.Primary active transporters
glucose 3.A.1.139.1 3.Primary active transporters
iron 3.A.1.139.2 3.Primary active transporters
iron 3.A.1.139.2 3.Primary active transporters
D-mannitol fucose lactose maltodextrin maltose melibiose trehalose 3.A.1.1.4 3.Primary active transporters
D-mannitol fucose lactose maltodextrin maltose melibiose trehalose 3.A.1.1.4 3.Primary active transporters
D-mannitol fucose lactose maltodextrin maltose melibiose trehalose 3.A.1.1.4 3.Primary active transporters
D-mannitol fucose lactose maltodextrin maltose melibiose trehalose 3.A.1.1.4 3.Primary active transporters
D-mannitol fucose lactose maltodextrin maltose melibiose trehalose 3.A.1.1.4 3.Primary active transporters
D-mannitol fucose lactose maltodextrin maltose melibiose trehalose 3.A.1.1.4 3.Primary active transporters
trehalose 3.A.1.1.41 3.Primary active transporters
iron molybdate 3.A.1.14.1 3.Primary active transporters
iron molybdate 3.A.1.14.1 3.Primary active transporters
iron molybdate 3.A.1.14.1 3.Primary active transporters
Ferrichrome 3.A.1.14.10 3.Primary active transporters
molybdate 3.A.1.14.11 3.Primary active transporters
iron 3.A.1.14.13 3.Primary active transporters
iron 3.A.1.14.13 3.Primary active transporters
iron 3.A.1.14.14 3.Primary active transporters
iron 3.A.1.14.14 3.Primary active transporters
Iron 3.A.1.14.15 3.Primary active transporters
Iron 3.A.1.14.15 3.Primary active transporters
iron 3.A.1.14.18 3.Primary active transporters
iron 3.A.1.14.18 3.Primary active transporters
Heme 3.A.1.14.21 3.Primary active transporters
iron 3.A.1.14.22 3.Primary active transporters
iron 3.A.1.14.22 3.Primary active transporters
cyanocob(III)alamin 3.A.1.14.23 3.Primary active transporters
Iron 3.A.1.14.24 3.Primary active transporters
Iron 3.A.1.14.24 3.Primary active transporters
cyanocob(III)alamin 3.A.1.14.26 3.Primary active transporters
Fe3 Iron 3.A.1.14.28 3.Primary active transporters
Fe3 Iron 3.A.1.14.28 3.Primary active transporters
Fe3 Iron 3.A.1.14.28 3.Primary active transporters
melibiose trehalose 3.A.1.1.43 3.Primary active transporters
melibiose trehalose 3.A.1.1.43 3.Primary active transporters
iron 3.A.1.14.3 3.Primary active transporters
iron 3.A.1.14.3 3.Primary active transporters
maltodextrin maltose 3.A.1.1.44 3.Primary active transporters
maltodextrin maltose 3.A.1.1.44 3.Primary active transporters
maltose 3.A.1.1.45 3.Primary active transporters
iron 3.A.1.14.7 3.Primary active transporters
iron 3.A.1.14.7 3.Primary active transporters
iron 3.A.1.14.8 3.Primary active transporters
iron 3.A.1.14.8 3.Primary active transporters
D-mannitol 3.A.1.1.49 3.Primary active transporters
choline fructose glucose maltoheptaose maltose maltotetraose melibiose raffinose stachyose sucrose trehalose xylose 3.A.1.1.5 3.Primary active transporters
choline fructose glucose maltoheptaose maltose maltotetraose melibiose raffinose stachyose sucrose trehalose xylose 3.A.1.1.5 3.Primary active transporters
choline fructose glucose maltoheptaose maltose maltotetraose melibiose raffinose stachyose sucrose trehalose xylose 3.A.1.1.5 3.Primary active transporters
choline fructose glucose maltoheptaose maltose maltotetraose melibiose raffinose stachyose sucrose trehalose xylose 3.A.1.1.5 3.Primary active transporters
choline fructose glucose maltoheptaose maltose maltotetraose melibiose raffinose stachyose sucrose trehalose xylose 3.A.1.1.5 3.Primary active transporters
choline fructose glucose maltoheptaose maltose maltotetraose melibiose raffinose stachyose sucrose trehalose xylose 3.A.1.1.5 3.Primary active transporters
choline fructose glucose maltoheptaose maltose maltotetraose melibiose raffinose stachyose sucrose trehalose xylose 3.A.1.1.5 3.Primary active transporters
choline fructose glucose maltoheptaose maltose maltotetraose melibiose raffinose stachyose sucrose trehalose xylose 3.A.1.1.5 3.Primary active transporters
choline fructose glucose maltoheptaose maltose maltotetraose melibiose raffinose stachyose sucrose trehalose xylose 3.A.1.1.5 3.Primary active transporters
choline fructose glucose maltoheptaose maltose maltotetraose melibiose raffinose stachyose sucrose trehalose xylose 3.A.1.1.5 3.Primary active transporters
choline fructose glucose maltoheptaose maltose maltotetraose melibiose raffinose stachyose sucrose trehalose xylose 3.A.1.1.5 3.Primary active transporters
choline 3.A.1.1.50 3.Primary active transporters
maltoheptaose maltose maltotetraose trehalose 3.A.1.1.51 3.Primary active transporters
maltoheptaose maltose maltotetraose trehalose 3.A.1.1.51 3.Primary active transporters
maltoheptaose maltose maltotetraose trehalose 3.A.1.1.51 3.Primary active transporters
maltoheptaose maltose maltotetraose trehalose 3.A.1.1.51 3.Primary active transporters
iron manganese zinc 3.A.1.15.1 3.Primary active transporters
iron manganese zinc 3.A.1.15.1 3.Primary active transporters
iron manganese zinc 3.A.1.15.1 3.Primary active transporters
iron manganese zinc 3.A.1.15.1 3.Primary active transporters
manganese zinc 3.A.1.15.10 3.Primary active transporters
manganese zinc 3.A.1.15.10 3.Primary active transporters
zinc 3.A.1.15.11 3.Primary active transporters
iron 3.A.1.15.12 3.Primary active transporters
iron 3.A.1.15.12 3.Primary active transporters
zinc 3.A.1.15.13 3.Primary active transporters
manganese 3.A.1.15.14 3.Primary active transporters
manganese 3.A.1.15.15 3.Primary active transporters
iron manganese zinc 3.A.1.15.16 3.Primary active transporters
iron manganese zinc 3.A.1.15.16 3.Primary active transporters
iron manganese zinc 3.A.1.15.16 3.Primary active transporters
iron manganese zinc 3.A.1.15.16 3.Primary active transporters
iron manganese zinc 3.A.1.15.17 3.Primary active transporters
iron manganese zinc 3.A.1.15.17 3.Primary active transporters
iron manganese zinc 3.A.1.15.17 3.Primary active transporters
iron manganese zinc 3.A.1.15.17 3.Primary active transporters
zinc 3.A.1.15.18 3.Primary active transporters
zinc 3.A.1.15.19 3.Primary active transporters
fructose glucose maltose sucrose 3.A.1.1.52 3.Primary active transporters
fructose glucose maltose sucrose 3.A.1.1.52 3.Primary active transporters
fructose glucose maltose sucrose 3.A.1.1.52 3.Primary active transporters
iron manganese zinc 3.A.1.15.2 3.Primary active transporters
iron manganese zinc 3.A.1.15.2 3.Primary active transporters
iron manganese zinc 3.A.1.15.2 3.Primary active transporters
iron manganese zinc 3.A.1.15.2 3.Primary active transporters
iron manganese 3.A.1.15.20 3.Primary active transporters
iron manganese 3.A.1.15.20 3.Primary active transporters
iron manganese 3.A.1.15.20 3.Primary active transporters
melibiose raffinose stachyose 3.A.1.1.53 3.Primary active transporters
melibiose raffinose stachyose 3.A.1.1.53 3.Primary active transporters
melibiose raffinose stachyose 3.A.1.1.53 3.Primary active transporters
zinc 3.A.1.15.3 3.Primary active transporters
L-arabinose maltose Trehalose 3.A.1.1.54 3.Primary active transporters
L-arabinose maltose Trehalose 3.A.1.1.54 3.Primary active transporters
L-arabinose maltose Trehalose 3.A.1.1.54 3.Primary active transporters
iron manganese 3.A.1.15.4 3.Primary active transporters
iron manganese 3.A.1.15.4 3.Primary active transporters
iron manganese 3.A.1.15.4 3.Primary active transporters
zinc 3.A.1.15.5 3.Primary active transporters
xylose 3.A.1.1.56 3.Primary active transporters
copper iron zinc 3.A.1.15.6 3.Primary active transporters
copper iron zinc 3.A.1.15.6 3.Primary active transporters
copper iron zinc 3.A.1.15.6 3.Primary active transporters
copper iron zinc 3.A.1.15.6 3.Primary active transporters
iron manganese 3.A.1.15.7 3.Primary active transporters
iron manganese 3.A.1.15.7 3.Primary active transporters
iron manganese 3.A.1.15.7 3.Primary active transporters
iron manganese zinc 3.A.1.15.8 3.Primary active transporters
iron manganese zinc 3.A.1.15.8 3.Primary active transporters
iron manganese zinc 3.A.1.15.8 3.Primary active transporters
iron manganese zinc 3.A.1.15.8 3.Primary active transporters
iron manganese 3.A.1.15.9 3.Primary active transporters
iron manganese 3.A.1.15.9 3.Primary active transporters
iron manganese 3.A.1.15.9 3.Primary active transporters
nitrate nitrite 3.A.1.16.1 3.Primary active transporters
nitrate 3.A.1.16.4 3.Primary active transporters
maltose trehalose 3.A.1.1.7 3.Primary active transporters
maltose trehalose 3.A.1.1.7 3.Primary active transporters
riboflavin taurine 3.A.1.17.1 3.Primary active transporters
thiamine 3.A.1.17.3 3.Primary active transporters
taurine 3.A.1.17.4 3.Primary active transporters
thiamine 3.A.1.17.8 3.Primary active transporters
maltose sucrose trehalose 3.A.1.1.8 3.Primary active transporters
maltose sucrose trehalose 3.A.1.1.8 3.Primary active transporters
maltose sucrose trehalose 3.A.1.1.8 3.Primary active transporters
cobalt 3.A.1.18.2 3.Primary active transporters
cobalt 3.A.1.18.3 3.Primary active transporters
thiamine 3.A.1.19.1 3.Primary active transporters
thiamine 3.A.1.19.2 3.Primary active transporters
sulfate thiosulfate 3.A.1.19.4 3.Primary active transporters
sulfate thiosulfate 3.A.1.19.4 3.Primary active transporters
maltodextrin maltose Maltose Sulfate Trehalose 3.A.1.19.6 3.Primary active transporters
maltodextrin maltose Maltose Sulfate Trehalose 3.A.1.19.6 3.Primary active transporters
maltodextrin maltose Maltose Sulfate Trehalose 3.A.1.19.6 3.Primary active transporters
maltodextrin maltose Maltose Sulfate Trehalose 3.A.1.19.6 3.Primary active transporters
maltodextrin maltose Maltose Sulfate Trehalose 3.A.1.19.6 3.Primary active transporters
iron 3.A.1.20.1 3.Primary active transporters
iron 3.A.1.20.1 3.Primary active transporters
phosphate 3.A.1.20.2 3.Primary active transporters
iron 3.A.1.20.3 3.Primary active transporters
iron 3.A.1.20.3 3.Primary active transporters
glycerol 3.A.1.20.4 3.Primary active transporters
iron Iron 3.A.1.20.5 3.Primary active transporters
iron Iron 3.A.1.20.5 3.Primary active transporters
iron Iron 3.A.1.20.5 3.Primary active transporters
iron Iron 3.A.1.20.5 3.Primary active transporters
adenosine arabinose deoxyguanosine guanosine inosine xanthosine xylitol xylose 3.A.1.2.1 3.Primary active transporters
adenosine arabinose deoxyguanosine guanosine inosine xanthosine xylitol xylose 3.A.1.2.1 3.Primary active transporters
adenosine arabinose deoxyguanosine guanosine inosine xanthosine xylitol xylose 3.A.1.2.1 3.Primary active transporters
adenosine arabinose deoxyguanosine guanosine inosine xanthosine xylitol xylose 3.A.1.2.1 3.Primary active transporters
Heme 3.A.1.210.15 3.Primary active transporters
cobalt nickel 3.A.1.210.9 3.Primary active transporters
cobalt nickel 3.A.1.210.9 3.Primary active transporters
arabinose 3.A.1.2.14 3.Primary active transporters
arabinose 3.A.1.2.14 3.Primary active transporters
xylitol 3.A.1.2.15 3.Primary active transporters
xylose 3.A.1.2.18 3.Primary active transporters
Ribose 3.A.1.2.19 3.Primary active transporters
arabinose D-fructose glucose inositol riboflavin ribose xylose 3.A.1.2.2 3.Primary active transporters
arabinose D-fructose glucose inositol riboflavin ribose xylose 3.A.1.2.2 3.Primary active transporters
arabinose D-fructose glucose inositol riboflavin ribose xylose 3.A.1.2.2 3.Primary active transporters
arabinose D-fructose glucose inositol riboflavin ribose xylose 3.A.1.2.2 3.Primary active transporters
arabinose D-fructose glucose inositol riboflavin ribose xylose 3.A.1.2.2 3.Primary active transporters
glucose xylose 3.A.1.2.20 3.Primary active transporters
glucose xylose 3.A.1.2.20 3.Primary active transporters
nickel 3.A.1.22.1 3.Primary active transporters
D-fructose ribose xylose 3.A.1.2.23 3.Primary active transporters
D-fructose ribose xylose 3.A.1.2.23 3.Primary active transporters
xylose 3.A.1.2.26 3.Primary active transporters
arabinose galactose glucose xylose 3.A.1.2.3 3.Primary active transporters
arabinose galactose glucose xylose 3.A.1.2.3 3.Primary active transporters
arabinose galactose glucose xylose 3.A.1.2.3 3.Primary active transporters
arabinose galactose glucose xylose 3.A.1.2.3 3.Primary active transporters
arabinose galactose glucose xylose 3.A.1.2.3 3.Primary active transporters
Ribose 3.A.1.2.30 3.Primary active transporters
nickel 3.A.1.23.1 3.Primary active transporters
arabinose 3.A.1.2.32 3.Primary active transporters
arabinose 3.A.1.2.32 3.Primary active transporters
cobalt 3.A.1.23.2 3.Primary active transporters
xylose 3.A.1.2.33 3.Primary active transporters
cobalt 3.A.1.23.3 3.Primary active transporters
cobalt nickel 3.A.1.23.5 3.Primary active transporters
cobalt nickel 3.A.1.23.5 3.Primary active transporters
cobalt 3.A.1.23.6 3.Primary active transporters
cobalt nickel 3.A.1.23.7 3.Primary active transporters
cobalt nickel 3.A.1.23.7 3.Primary active transporters
cobalt nickel 3.A.1.23.8 3.Primary active transporters
cobalt nickel 3.A.1.23.8 3.Primary active transporters
xylose 3.A.1.2.4 3.Primary active transporters
methionine 3.A.1.24.1 3.Primary active transporters
L-methionine methionine 3.A.1.24.2 3.Primary active transporters
L-methionine methionine 3.A.1.24.2 3.Primary active transporters
methionine 3.A.1.24.3 3.Primary active transporters
L-methionine 3.A.1.24.4 3.Primary active transporters
L-histidine 3.A.1.24.5 3.Primary active transporters
arabinose fucose galactose glucose xylose 3.A.1.2.5 3.Primary active transporters
arabinose fucose galactose glucose xylose 3.A.1.2.5 3.Primary active transporters
arabinose fucose galactose glucose xylose 3.A.1.2.5 3.Primary active transporters
arabinose fucose galactose glucose xylose 3.A.1.2.5 3.Primary active transporters
arabinose fucose galactose glucose xylose 3.A.1.2.5 3.Primary active transporters
biotin 3.A.1.25.1 3.Primary active transporters
biotin 3.A.1.25.2 3.Primary active transporters
biotin 3.A.1.25.3 3.Primary active transporters
biotin 3.A.1.25.4 3.Primary active transporters
biotin riboflavin 3.A.1.25.5 3.Primary active transporters
Cobalt Folate 3.A.1.26.10 3.Primary active transporters
Cobalt Folate 3.A.1.26.10 3.Primary active transporters
thiamine 3.A.1.26.5 3.Primary active transporters
Cobalt 3.A.1.26.7 3.Primary active transporters
fructose mannose 3.A.1.2.7 3.Primary active transporters
folate 3.A.1.28.2 3.Primary active transporters
thiamine 3.A.1.30.1 3.Primary active transporters
thiamine 3.A.1.30.2 3.Primary active transporters
arginine asparagine aspartate glutamate glutamine histidine lysine ornithine 3.A.1.3.1 3.Primary active transporters
arginine asparagine aspartate glutamate glutamine histidine lysine ornithine 3.A.1.3.1 3.Primary active transporters
arginine asparagine aspartate glutamate glutamine histidine lysine ornithine 3.A.1.3.1 3.Primary active transporters
arginine asparagine aspartate glutamate glutamine histidine lysine ornithine 3.A.1.3.1 3.Primary active transporters
arginine asparagine aspartate glutamate glutamine histidine lysine ornithine 3.A.1.3.1 3.Primary active transporters
arginine asparagine aspartate glutamate glutamine histidine lysine ornithine 3.A.1.3.1 3.Primary active transporters
arginine asparagine aspartate glutamate glutamine histidine lysine ornithine 3.A.1.3.1 3.Primary active transporters
arginine asparagine aspartate glutamate glutamine histidine lysine ornithine 3.A.1.3.1 3.Primary active transporters
arginine ornithine 3.A.1.3.11 3.Primary active transporters
arginine ornithine 3.A.1.3.11 3.Primary active transporters
arginine glutamine histidine lysine 3.A.1.3.12 3.Primary active transporters
arginine glutamine histidine lysine 3.A.1.3.12 3.Primary active transporters
arginine glutamine histidine lysine 3.A.1.3.12 3.Primary active transporters
arginine glutamine histidine lysine 3.A.1.3.12 3.Primary active transporters
cysteine Cysteine glutamine 3.A.1.3.13 3.Primary active transporters
cysteine Cysteine glutamine 3.A.1.3.13 3.Primary active transporters
cysteine Cysteine glutamine 3.A.1.3.13 3.Primary active transporters
arginine 3.A.1.3.15 3.Primary active transporters
aspartate glutamate 3.A.1.3.16 3.Primary active transporters
aspartate glutamate 3.A.1.3.16 3.Primary active transporters
arginine histidine lysine 3.A.1.3.17 3.Primary active transporters
arginine histidine lysine 3.A.1.3.17 3.Primary active transporters
arginine histidine lysine 3.A.1.3.17 3.Primary active transporters
asparagine aspartate glutamate glutamine 3.A.1.3.19 3.Primary active transporters
asparagine aspartate glutamate glutamine 3.A.1.3.19 3.Primary active transporters
asparagine aspartate glutamate glutamine 3.A.1.3.19 3.Primary active transporters
asparagine aspartate glutamate glutamine 3.A.1.3.19 3.Primary active transporters
alanine arginine asparagine glutamate glutamine histidine L-glutamic acid L-proline L-threonine lysine serine tyrosine valine 3.A.1.3.2 3.Primary active transporters
alanine arginine asparagine glutamate glutamine histidine L-glutamic acid L-proline L-threonine lysine serine tyrosine valine 3.A.1.3.2 3.Primary active transporters
alanine arginine asparagine glutamate glutamine histidine L-glutamic acid L-proline L-threonine lysine serine tyrosine valine 3.A.1.3.2 3.Primary active transporters
alanine arginine asparagine glutamate glutamine histidine L-glutamic acid L-proline L-threonine lysine serine tyrosine valine 3.A.1.3.2 3.Primary active transporters
alanine arginine asparagine glutamate glutamine histidine L-glutamic acid L-proline L-threonine lysine serine tyrosine valine 3.A.1.3.2 3.Primary active transporters
alanine arginine asparagine glutamate glutamine histidine L-glutamic acid L-proline L-threonine lysine serine tyrosine valine 3.A.1.3.2 3.Primary active transporters
alanine arginine asparagine glutamate glutamine histidine L-glutamic acid L-proline L-threonine lysine serine tyrosine valine 3.A.1.3.2 3.Primary active transporters
alanine arginine asparagine glutamate glutamine histidine L-glutamic acid L-proline L-threonine lysine serine tyrosine valine 3.A.1.3.2 3.Primary active transporters
alanine arginine asparagine glutamate glutamine histidine L-glutamic acid L-proline L-threonine lysine serine tyrosine valine 3.A.1.3.2 3.Primary active transporters
alanine arginine asparagine glutamate glutamine histidine L-glutamic acid L-proline L-threonine lysine serine tyrosine valine 3.A.1.3.2 3.Primary active transporters
alanine arginine asparagine glutamate glutamine histidine L-glutamic acid L-proline L-threonine lysine serine tyrosine valine 3.A.1.3.2 3.Primary active transporters
alanine arginine asparagine glutamate glutamine histidine L-glutamic acid L-proline L-threonine lysine serine tyrosine valine 3.A.1.3.2 3.Primary active transporters
alanine arginine asparagine glutamate glutamine histidine L-glutamic acid L-proline L-threonine lysine serine tyrosine valine 3.A.1.3.2 3.Primary active transporters
lysine 3.A.1.3.20 3.Primary active transporters
L-proline 3.A.1.3.21 3.Primary active transporters
glutamine L-glutamic acid 3.A.1.3.22 3.Primary active transporters
glutamine L-glutamic acid 3.A.1.3.22 3.Primary active transporters
alanine arginine histidine lysine valine 3.A.1.3.23 3.Primary active transporters
alanine arginine histidine lysine valine 3.A.1.3.23 3.Primary active transporters
alanine arginine histidine lysine valine 3.A.1.3.23 3.Primary active transporters
alanine arginine histidine lysine valine 3.A.1.3.23 3.Primary active transporters
alanine arginine histidine lysine valine 3.A.1.3.23 3.Primary active transporters
asparagine glutamate glutamine 3.A.1.3.25 3.Primary active transporters
asparagine glutamate glutamine 3.A.1.3.25 3.Primary active transporters
asparagine glutamate glutamine 3.A.1.3.25 3.Primary active transporters
asparagine glutamine histidine L-threonine serine tyrosine 3.A.1.3.26 3.Primary active transporters
asparagine glutamine histidine L-threonine serine tyrosine 3.A.1.3.26 3.Primary active transporters
asparagine glutamine histidine L-threonine serine tyrosine 3.A.1.3.26 3.Primary active transporters
asparagine glutamine histidine L-threonine serine tyrosine 3.A.1.3.26 3.Primary active transporters
asparagine glutamine histidine L-threonine serine tyrosine 3.A.1.3.26 3.Primary active transporters
asparagine glutamine histidine L-threonine serine tyrosine 3.A.1.3.26 3.Primary active transporters
arginine histidine lysine 3.A.1.3.27 3.Primary active transporters
arginine histidine lysine 3.A.1.3.27 3.Primary active transporters
arginine histidine lysine 3.A.1.3.27 3.Primary active transporters
arginine histidine lysine 3.A.1.3.29 3.Primary active transporters
arginine histidine lysine 3.A.1.3.29 3.Primary active transporters
arginine histidine lysine 3.A.1.3.29 3.Primary active transporters
arginine 3.A.1.3.3 3.Primary active transporters
Glutamine 3.A.1.3.30 3.Primary active transporters
glutamate 3.A.1.3.4 3.Primary active transporters
tryptophan 3.A.1.34.1 3.Primary active transporters
asparagine aspartate glutamate glutamine 3.A.1.3.7 3.Primary active transporters
asparagine aspartate glutamate glutamine 3.A.1.3.7 3.Primary active transporters
asparagine aspartate glutamate glutamine 3.A.1.3.7 3.Primary active transporters
asparagine aspartate glutamate glutamine 3.A.1.3.7 3.Primary active transporters
glutamate 3.A.1.3.9 3.Primary active transporters
alanine benzoate isoleucine leucine L-isoleucine L-threonine methionine phenylalanine pyruvate serine tyrosine valine 3.A.1.4.1 3.Primary active transporters
alanine benzoate isoleucine leucine L-isoleucine L-threonine methionine phenylalanine pyruvate serine tyrosine valine 3.A.1.4.1 3.Primary active transporters
alanine benzoate isoleucine leucine L-isoleucine L-threonine methionine phenylalanine pyruvate serine tyrosine valine 3.A.1.4.1 3.Primary active transporters
alanine benzoate isoleucine leucine L-isoleucine L-threonine methionine phenylalanine pyruvate serine tyrosine valine 3.A.1.4.1 3.Primary active transporters
alanine benzoate isoleucine leucine L-isoleucine L-threonine methionine phenylalanine pyruvate serine tyrosine valine 3.A.1.4.1 3.Primary active transporters
alanine benzoate isoleucine leucine L-isoleucine L-threonine methionine phenylalanine pyruvate serine tyrosine valine 3.A.1.4.1 3.Primary active transporters
alanine benzoate isoleucine leucine L-isoleucine L-threonine methionine phenylalanine pyruvate serine tyrosine valine 3.A.1.4.1 3.Primary active transporters
alanine benzoate isoleucine leucine L-isoleucine L-threonine methionine phenylalanine pyruvate serine tyrosine valine 3.A.1.4.1 3.Primary active transporters
alanine benzoate isoleucine leucine L-isoleucine L-threonine methionine phenylalanine pyruvate serine tyrosine valine 3.A.1.4.1 3.Primary active transporters
alanine benzoate isoleucine leucine L-isoleucine L-threonine methionine phenylalanine pyruvate serine tyrosine valine 3.A.1.4.1 3.Primary active transporters
alanine leucine L-isoleucine L-threonine serine valine 3.A.1.4.10 3.Primary active transporters
alanine leucine L-isoleucine L-threonine serine valine 3.A.1.4.10 3.Primary active transporters
alanine leucine L-isoleucine L-threonine serine valine 3.A.1.4.10 3.Primary active transporters
alanine leucine L-isoleucine L-threonine serine valine 3.A.1.4.10 3.Primary active transporters
alanine leucine L-isoleucine L-threonine serine valine 3.A.1.4.10 3.Primary active transporters
alanine leucine L-isoleucine L-threonine serine valine 3.A.1.4.10 3.Primary active transporters
isoleucine leucine methionine valine 3.A.1.4.14 3.Primary active transporters
isoleucine leucine methionine valine 3.A.1.4.14 3.Primary active transporters
isoleucine leucine methionine valine 3.A.1.4.14 3.Primary active transporters
isoleucine leucine methionine valine 3.A.1.4.14 3.Primary active transporters
alanine glycine histidine leucine proline serine 3.A.1.4.2 3.Primary active transporters
alanine glycine histidine leucine proline serine 3.A.1.4.2 3.Primary active transporters
alanine glycine histidine leucine proline serine 3.A.1.4.2 3.Primary active transporters
alanine glycine histidine leucine proline serine 3.A.1.4.2 3.Primary active transporters
alanine glycine histidine leucine proline serine 3.A.1.4.2 3.Primary active transporters
alanine glycine histidine leucine proline serine 3.A.1.4.2 3.Primary active transporters
gamma-aminobutyric acid 3.A.1.4.3 3.Primary active transporters
urea 3.A.1.4.4 3.Primary active transporters
urea 3.A.1.4.5 3.Primary active transporters
alanine leucine L-isoleucine L-threonine serine valine 3.A.1.4.8 3.Primary active transporters
alanine leucine L-isoleucine L-threonine serine valine 3.A.1.4.8 3.Primary active transporters
alanine leucine L-isoleucine L-threonine serine valine 3.A.1.4.8 3.Primary active transporters
alanine leucine L-isoleucine L-threonine serine valine 3.A.1.4.8 3.Primary active transporters
alanine leucine L-isoleucine L-threonine serine valine 3.A.1.4.8 3.Primary active transporters
alanine leucine L-isoleucine L-threonine serine valine 3.A.1.4.8 3.Primary active transporters
mannose 3.A.1.5.15 3.Primary active transporters
betaine L-proline 3.A.1.5.17 3.Primary active transporters
betaine L-proline 3.A.1.5.17 3.Primary active transporters
nickel 3.A.1.5.24 3.Primary active transporters
Heme 3.A.1.5.27 3.Primary active transporters
nickel 3.A.1.5.28 3.Primary active transporters
L-alanine nickel 3.A.1.5.3 3.Primary active transporters
L-alanine nickel 3.A.1.5.3 3.Primary active transporters
nickel 3.A.1.5.33 3.Primary active transporters
L-alanine 3.A.1.5.38 3.Primary active transporters
nickel 3.A.1.5.40 3.Primary active transporters
Nickel 3.A.1.5.43 3.Primary active transporters
maltose 3.A.1.5.8 3.Primary active transporters
sodium sulfate thiosulfate 3.A.1.6.1 3.Primary active transporters
sodium sulfate thiosulfate 3.A.1.6.1 3.Primary active transporters
sodium sulfate thiosulfate 3.A.1.6.1 3.Primary active transporters
sodium 3.A.1.6.11 3.Primary active transporters
sulfate 3.A.1.6.3 3.Primary active transporters
molybdate 3.A.1.6.5 3.Primary active transporters
molybdate 3.A.1.6.6 3.Primary active transporters
sulfate 3.A.1.6.7 3.Primary active transporters
molybdate 3.A.1.6.8 3.Primary active transporters
molybdate 3.A.1.6.9 3.Primary active transporters
phosphate 3.A.1.7.1 3.Primary active transporters
phosphate 3.A.1.7.2 3.Primary active transporters
phosphate 3.A.1.7.3 3.Primary active transporters
phosphate 3.A.1.7.4 3.Primary active transporters
phosphate 3.A.1.7.5 3.Primary active transporters
molybdate 3.A.1.8.1 3.Primary active transporters
molybdate 3.A.1.8.2 3.Primary active transporters
molybdate 3.A.1.8.3 3.Primary active transporters
molybdate sodium 3.A.1.8.4 3.Primary active transporters
molybdate sodium 3.A.1.8.4 3.Primary active transporters
iron 3.A.1.9.1 3.Primary active transporters
iron 3.A.1.9.1 3.Primary active transporters
phosphate 3.A.1.9.2 3.Primary active transporters
sodium 3.A.2.1.12 3.Primary active transporters
sodium 3.A.2.1.2 3.Primary active transporters
sodium 3.A.2.1.5 3.Primary active transporters
sodium 3.A.2.1.6 3.Primary active transporters
sodium 3.A.2.1.9 3.Primary active transporters
sodium 3.A.2.2.2 3.Primary active transporters
sodium 3.A.2.3.2 3.Primary active transporters
phosphate 3.A.23.6.1 3.Primary active transporters
zinc 3.A.29.1.4 3.Primary active transporters
zinc 3.A.29.1.5 3.Primary active transporters
Cadmium 3.A.3.25.3 3.Primary active transporters
copper 3.A.3.27.2 3.Primary active transporters
copper 3.A.3.27.4 3.Primary active transporters
copper 3.A.3.27.5 3.Primary active transporters
Copper 3.A.3.27.7 3.Primary active transporters
cadmium copper iron lead 3.A.3.5.1 3.Primary active transporters
cadmium copper iron lead 3.A.3.5.1 3.Primary active transporters
cadmium copper iron lead 3.A.3.5.1 3.Primary active transporters
cadmium copper iron lead 3.A.3.5.1 3.Primary active transporters
cadmium copper iron lead 3.A.3.5.1 3.Primary active transporters
copper 3.A.3.5.10 3.Primary active transporters
copper 3.A.3.5.11 3.Primary active transporters
copper 3.A.3.5.12 3.Primary active transporters
copper 3.A.3.5.13 3.Primary active transporters
copper 3.A.3.5.15 3.Primary active transporters
copper 3.A.3.5.16 3.Primary active transporters
copper 3.A.3.5.18 3.Primary active transporters
copper iron lead 3.A.3.5.19 3.Primary active transporters
copper iron lead 3.A.3.5.19 3.Primary active transporters
copper iron lead 3.A.3.5.19 3.Primary active transporters
copper iron lead 3.A.3.5.19 3.Primary active transporters
copper 3.A.3.5.2 3.Primary active transporters
copper 3.A.3.5.21 3.Primary active transporters
copper 3.A.3.5.22 3.Primary active transporters
copper 3.A.3.5.23 3.Primary active transporters
copper 3.A.3.5.24 3.Primary active transporters
copper 3.A.3.5.25 3.Primary active transporters
copper 3.A.3.5.26 3.Primary active transporters
copper 3.A.3.5.27 3.Primary active transporters
copper 3.A.3.5.30 3.Primary active transporters
copper 3.A.3.5.31 3.Primary active transporters
copper 3.A.3.5.33 3.Primary active transporters
copper 3.A.3.5.34 3.Primary active transporters
copper 3.A.3.5.38 3.Primary active transporters
cadmium copper zinc 3.A.3.5.39 3.Primary active transporters
cadmium copper zinc 3.A.3.5.39 3.Primary active transporters
cadmium copper zinc 3.A.3.5.39 3.Primary active transporters
copper 3.A.3.5.40 3.Primary active transporters
copper 3.A.3.5.41 3.Primary active transporters
copper 3.A.3.5.5 3.Primary active transporters
copper 3.A.3.5.7 3.Primary active transporters
cadmium calcium cobalt copper lead mercury nickel zinc 3.A.3.6.1 3.Primary active transporters
cadmium calcium cobalt copper lead mercury nickel zinc 3.A.3.6.1 3.Primary active transporters
cadmium calcium cobalt copper lead mercury nickel zinc 3.A.3.6.1 3.Primary active transporters
cadmium calcium cobalt copper lead mercury nickel zinc 3.A.3.6.1 3.Primary active transporters
cadmium calcium cobalt copper lead mercury nickel zinc 3.A.3.6.1 3.Primary active transporters
cadmium calcium cobalt copper lead mercury nickel zinc 3.A.3.6.1 3.Primary active transporters
cadmium calcium cobalt copper lead mercury nickel zinc 3.A.3.6.1 3.Primary active transporters
cadmium calcium cobalt copper lead mercury nickel zinc 3.A.3.6.1 3.Primary active transporters
cadmium cobalt zinc 3.A.3.6.10 3.Primary active transporters
cadmium cobalt zinc 3.A.3.6.10 3.Primary active transporters
cadmium cobalt zinc 3.A.3.6.10 3.Primary active transporters
zinc 3.A.3.6.11 3.Primary active transporters
cadmium cobalt lead mercury nickel zinc 3.A.3.6.12 3.Primary active transporters
cadmium cobalt lead mercury nickel zinc 3.A.3.6.12 3.Primary active transporters
cadmium cobalt lead mercury nickel zinc 3.A.3.6.12 3.Primary active transporters
cadmium cobalt lead mercury nickel zinc 3.A.3.6.12 3.Primary active transporters
cadmium cobalt lead mercury nickel zinc 3.A.3.6.12 3.Primary active transporters
cadmium cobalt lead mercury nickel zinc 3.A.3.6.12 3.Primary active transporters
Cadmium 3.A.3.6.16 3.Primary active transporters
cadmium cobalt copper lead mercury nickel zinc 3.A.3.6.2 3.Primary active transporters
cadmium cobalt copper lead mercury nickel zinc 3.A.3.6.2 3.Primary active transporters
cadmium cobalt copper lead mercury nickel zinc 3.A.3.6.2 3.Primary active transporters
cadmium cobalt copper lead mercury nickel zinc 3.A.3.6.2 3.Primary active transporters
cadmium cobalt copper lead mercury nickel zinc 3.A.3.6.2 3.Primary active transporters
cadmium cobalt copper lead mercury nickel zinc 3.A.3.6.2 3.Primary active transporters
cadmium cobalt copper lead mercury nickel zinc 3.A.3.6.2 3.Primary active transporters
cobalt 3.A.3.6.21 3.Primary active transporters
cobalt 3.A.3.6.22 3.Primary active transporters
cadmium cobalt zinc 3.A.3.6.3 3.Primary active transporters
cadmium cobalt zinc 3.A.3.6.3 3.Primary active transporters
cadmium cobalt zinc 3.A.3.6.3 3.Primary active transporters
cadmium copper zinc 3.A.3.6.5 3.Primary active transporters
cadmium copper zinc 3.A.3.6.5 3.Primary active transporters
cadmium copper zinc 3.A.3.6.5 3.Primary active transporters
cadmium calcium cobalt copper zinc 3.A.3.6.6 3.Primary active transporters
cadmium calcium cobalt copper zinc 3.A.3.6.6 3.Primary active transporters
cadmium calcium cobalt copper zinc 3.A.3.6.6 3.Primary active transporters
cadmium calcium cobalt copper zinc 3.A.3.6.6 3.Primary active transporters
cadmium calcium cobalt copper zinc 3.A.3.6.6 3.Primary active transporters
cadmium 3.A.3.6.8 3.Primary active transporters
zinc 3.A.3.6.9 3.Primary active transporters
potassium 3.A.3.7.1 3.Primary active transporters
potassium 3.A.3.7.2 3.Primary active transporters
potassium 3.A.3.7.3 3.Primary active transporters
sodium 3.B.1.1.2 3.Primary active transporters
sodium 3.B.1.1.3 3.Primary active transporters
sodium 3.B.1.1.4 3.Primary active transporters
sodium 3.B.1.1.5 3.Primary active transporters
sodium 3.B.1.1.7 3.Primary active transporters
fumarate succinate 3.D.10.1.1 3.Primary active transporters
fumarate succinate 3.D.10.1.2 3.Primary active transporters
Fumarate iron 3.D.10.1.3 3.Primary active transporters
Fumarate iron 3.D.10.1.3 3.Primary active transporters
succinate 3.D.10.1.4 3.Primary active transporters
fumarate iron Succinate 3.D.10.1.6 3.Primary active transporters
fumarate iron Succinate 3.D.10.1.6 3.Primary active transporters
fumarate iron Succinate 3.D.10.1.6 3.Primary active transporters
iron Succinate 3.D.10.1.7 3.Primary active transporters
iron Succinate 3.D.10.1.7 3.Primary active transporters
iron Succinate 3.D.10.1.7 3.Primary active transporters
fumarate succinate 3.D.10.1.9 3.Primary active transporters
iron 3.D.1.4.1 3.Primary active transporters
iron 3.D.1.4.1 3.Primary active transporters
iron 3.D.1.6.1 3.Primary active transporters
iron 3.D.1.6.1 3.Primary active transporters
potassium 3.D.1.9.1 3.Primary active transporters
glucose 4.D.1.3.2 4.Group translocators

Found transporter for substances:
2-oxoglutarate
4-hydroxybenzoate
acetate
adenosine
alanine
arabinose
arginine
arsenite
asparagine
aspartate
benzoate
betaine
biotin
cadmium
calcium
Chenodeoxycholate
chloride
Cholate
choline
chromate
citrate
cobalt
copper
cyanocob(III)alamin
cysteine
dctP
deoxycholate
D-galactonate
D-glucarate
D-mannitol
Fe3
Ferrichrome
folate
formate
fumarate
galactose
galacturonate
gamma-aminobutyric acid
gluconate
glucose
glucuronate
glutamate
glutamine
glycerol
glycine
glycolate
guanosine
heme
histidine
inosine
inositol
iron
isoleucine
itaconate
lactate
lactose
L-alanine
L-arabinose
L-cysteine
lead
leucine
L-glutamic acid
L-histidine
L-isoleucine
Lithocholate
L-methionine
L-proline
L-serine
L-threonine
lysine
malate
maltodextrin
maltoheptaose
maltose
maltotetraose
manganese
mannose
melibiose
mercury
methionine
molybdate
NAD
nickel
nitrate
ornithine
OXALATE
phenylacetate
phenylalanine
phosphate
potassium
proline
putrescine
pyrophosphate
pyruvate
raffinose
riboflavin
ribose
S-adenosyl-L-methionine
serine
sodium
spermidine
stachyose
succinate
sucrose
sulfate
taurine
thiamine
thiosulfate
trehalose
tryptophan
tyrosine
uracil
urea
valine
xanthine
xylitol
xylose
zinc

Found transporter without reaction in DB:
ammonia
arsenate
CARNITINE
cellobiose
cholesterol
CoA
CROTONOBETAINE
cyanate
cytidine
deoxyguanosine
D-fructose
D-glucosamine
dodecanoic acid
FAD
ferrichrome
Formate
fructose
fucose
hydrogen peroxide
magnesium
NADP
Nitric oxide
nitrite
pantothenate
rhamnose
xanthosine
xylan

Add alternative transport reactions:
ammonia
arsenate
CARNITINE
cellobiose
cholesterol
CoA
CROTONOBETAINE
cyanate
cytidine
deoxyguanosine
D-fructose
dodecanoic acid
FAD
ferrichrome
Formate
fucose
hydrogen peroxide
magnesium
NADP
Nitric oxide
nitrite
pantothenate
rhamnose
turanose
xanthosine
xylan
Total number of found substance transporter for Cen14_13102020_R1_S19_bin.17: 111
Running time: 629 s.
 
 
Done with all MAGs!
Mon Mar  3 04:34:14 PM EST 2025
